{
  "stats": {
    "suites": 1,
    "tests": 4,
    "passes": 4,
    "pending": 0,
    "failures": 0,
    "start": "2024-04-16T14:29:20.176Z",
    "end": "2024-04-16T14:29:24.420Z",
    "duration": 4244,
    "testsRegistered": 4,
    "passPercent": 100,
    "pendingPercent": 0,
    "other": 0,
    "hasOther": false,
    "skipped": 0,
    "hasSkipped": false
  },
  "results": [
    {
      "uuid": "bb62d343-40ae-4664-8520-160dfc7aae4d",
      "title": "",
      "fullFile": "C:\\Users\\aktasto\\Desktop\\chakram-api-testing\\tests\\PetTests.js",
      "file": "\\tests\\PetTests.js",
      "beforeHooks": [],
      "afterHooks": [
        {
          "title": "\"after each\" hook in \"{root}\"",
          "fullTitle": "\"after each\" hook in \"{root}\"",
          "timedOut": false,
          "duration": 0,
          "state": null,
          "speed": null,
          "pass": false,
          "fail": false,
          "pending": false,
          "context": null,
          "code": "checkForUnfulfilledExpectations.call(this);\nrecordedExpects = [];",
          "err": {},
          "uuid": "dcb2ccba-9265-4913-8881-43c71dd4f3f5",
          "parentUUID": "bb62d343-40ae-4664-8520-160dfc7aae4d",
          "isHook": true,
          "skipped": false
        }
      ],
      "tests": [],
      "suites": [
        {
          "uuid": "5aa43ce2-ba4f-44ad-9f69-be23fd6eb886",
          "title": "PetStore CRUD Tests for Pets",
          "fullFile": "C:\\Users\\aktasto\\Desktop\\chakram-api-testing\\tests\\PetTests.js",
          "file": "\\tests\\PetTests.js",
          "beforeHooks": [],
          "afterHooks": [],
          "tests": [
            {
              "title": "TC_01 POST || Create a new pet",
              "fullTitle": "PetStore CRUD Tests for Pets TC_01 POST || Create a new pet",
              "timedOut": false,
              "duration": 1978,
              "state": "passed",
              "speed": "slow",
              "pass": true,
              "fail": false,
              "pending": false,
              "context": null,
              "code": "const data = {\n            \"id\": 890890,\n            \"category\": {\n                \"id\": 0,\n                \"name\": \"string\"\n            },\n            \"name\": \"karabas\",\n            \"photoUrls\": [\n                \"string\"\n            ],\n            \"tags\": [\n                {\n                    \"id\": 0,\n                    \"name\": \"string\"\n                }\n            ],\n            \"status\": \"available\"\n        };\n        const resData = {\n            \"id\": 890890,\n            \"category\": {\n                \"id\": 0,\n                \"name\": \"string\"\n            },\n            \"name\": \"karabas\",\n            \"photoUrls\": [\n                \"string\"\n            ],\n            \"tags\": [\n                {\n                    \"id\": 0,\n                    \"name\": \"string\"\n                }\n            ],\n            \"status\": \"available\"\n        };\n        return chakram.post(\"https://petstore.swagger.io/v2/pet\", data)\n            .then(function (res) {\n                expect(res).to.have.status(200);\n                expect(res).to.have.json(resData);\n            });",
              "err": {},
              "uuid": "ad51b82c-d520-4c40-866c-a85c193044a4",
              "parentUUID": "5aa43ce2-ba4f-44ad-9f69-be23fd6eb886",
              "isHook": false,
              "skipped": false
            },
            {
              "title": "TC_02 GET || Find pet by ID",
              "fullTitle": "PetStore CRUD Tests for Pets TC_02 GET || Find pet by ID",
              "timedOut": false,
              "duration": 766,
              "state": "passed",
              "speed": "slow",
              "pass": true,
              "fail": false,
              "pending": false,
              "context": null,
              "code": "const response = chakram.get(\"https://petstore.swagger.io/v2/pet/890890\");\n        expect(response).to.have.status(200);\n        return chakram.wait();",
              "err": {},
              "uuid": "4907ac56-93e9-4c19-a411-f9b1287f18fb",
              "parentUUID": "5aa43ce2-ba4f-44ad-9f69-be23fd6eb886",
              "isHook": false,
              "skipped": false
            },
            {
              "title": "TC_03 PUT || Update a pet",
              "fullTitle": "PetStore CRUD Tests for Pets TC_03 PUT || Update a pet",
              "timedOut": false,
              "duration": 218,
              "state": "passed",
              "speed": "slow",
              "pass": true,
              "fail": false,
              "pending": false,
              "context": null,
              "code": "const data = {\n            \"id\": 890890,\n            \"category\": {\n                \"id\": 0,\n                \"name\": \"string\"\n            },\n            \"name\": \"comar\",\n            \"photoUrls\": [\n                \"string\"\n            ],\n            \"tags\": [\n                {\n                    \"id\": 0,\n                    \"name\": \"string\"\n                }\n            ],\n            \"status\": \"available\"\n        };\n        const resData = {\n            \"id\": 890890,\n            \"category\": {\n                \"id\": 0,\n                \"name\": \"string\"\n            },\n            \"name\": \"comar\",\n            \"photoUrls\": [\n                \"string\"\n            ],\n            \"tags\": [\n                {\n                    \"id\": 0,\n                    \"name\": \"string\"\n                }\n            ],\n            \"status\": \"available\"\n        };\n        return chakram.put(\"https://petstore.swagger.io/v2/pet\", data)\n            .then(function (res) {\n                expect(res).to.have.status(200);\n                expect(res).to.have.json(resData);\n            });",
              "err": {},
              "uuid": "49f65217-ebdf-47e2-8d3c-7d9ccb876ffe",
              "parentUUID": "5aa43ce2-ba4f-44ad-9f69-be23fd6eb886",
              "isHook": false,
              "skipped": false
            },
            {
              "title": "TC_04 DELETE || Delete pet by ID",
              "fullTitle": "PetStore CRUD Tests for Pets TC_04 DELETE || Delete pet by ID",
              "timedOut": false,
              "duration": 1270,
              "state": "passed",
              "speed": "slow",
              "pass": true,
              "fail": false,
              "pending": false,
              "context": null,
              "code": "const response = chakram.delete(\"https://petstore.swagger.io/v2/pet/890890\");\n        expect(response).to.have.status(200);\n        return chakram.wait();",
              "err": {},
              "uuid": "e9dc590d-3ca2-4469-a556-ab645573b14a",
              "parentUUID": "5aa43ce2-ba4f-44ad-9f69-be23fd6eb886",
              "isHook": false,
              "skipped": false
            }
          ],
          "suites": [],
          "passes": [
            "ad51b82c-d520-4c40-866c-a85c193044a4",
            "4907ac56-93e9-4c19-a411-f9b1287f18fb",
            "49f65217-ebdf-47e2-8d3c-7d9ccb876ffe",
            "e9dc590d-3ca2-4469-a556-ab645573b14a"
          ],
          "failures": [],
          "pending": [],
          "skipped": [],
          "duration": 4232,
          "root": false,
          "rootEmpty": false,
          "_timeout": 2000
        }
      ],
      "passes": [],
      "failures": [],
      "pending": [],
      "skipped": [],
      "duration": 0,
      "root": true,
      "rootEmpty": true,
      "_timeout": 2000
    }
  ],
  "meta": {
    "mocha": {
      "version": "10.4.0"
    },
    "mochawesome": {
      "options": {
        "quiet": false,
        "reportFilename": "mochawesome",
        "saveHtml": true,
        "saveJson": true,
        "consoleReporter": "spec",
        "useInlineDiffs": false,
        "code": true
      },
      "version": "7.1.3"
    },
    "marge": {
      "options": null,
      "version": "6.2.0"
    }
  }
}